<?xml version="1.0" encoding="UTF-8"?>
<testng-results skipped="0" failed="0" ignored="0" total="1" passed="1">
  <reporter-output>
  </reporter-output>
  <suite name="Default suite" duration-ms="20717" started-at="2022-12-29T15:24:40 IST" finished-at="2022-12-29T15:25:00 IST">
    <groups>
    </groups>
    <test name="Default test" duration-ms="20717" started-at="2022-12-29T15:24:40 IST" finished-at="2022-12-29T15:25:00 IST">
      <class name="tests.LaunchTest3">
        <test-method status="PASS" signature="browserTest()[pri:0, instance:tests.LaunchTest3@4493d195]" name="browserTest" duration-ms="20636" started-at="2022-12-29T15:24:40 IST" finished-at="2022-12-29T15:25:00 IST">
          <reporter-output>
          </reporter-output>
        </test-method> <!-- browserTest -->
      </class> <!-- tests.LaunchTest3 -->
    </test> <!-- Default test -->
  </suite> <!-- Default suite -->
</testng-results>
